2024-06-02 20:50:00,301 - DEBUG - Starting new HTTP connection (1): localhost:5003
2024-06-02 20:50:20,795 - DEBUG - Starting new HTTP connection (1): localhost:5003
2024-06-02 20:50:29,808 - DEBUG - http://localhost:5003 "GET /get_today_weather/97478 HTTP/1.1" 200 762
2024-06-02 20:50:29,839 - DEBUG - Starting new HTTP connection (1): localhost:5003
2024-06-02 20:50:38,417 - DEBUG - http://localhost:5003 "GET /get_weekly_forecast/97478 HTTP/1.1" 200 9021
2024-06-02 20:50:38,430 - DEBUG - Starting new HTTP connection (1): localhost:5003
2024-06-02 20:50:44,633 - DEBUG - http://localhost:5003 "GET /get_weather_map/97478 HTTP/1.1" 200 195
2024-06-02 20:50:44,661 - DEBUG - Starting new HTTP connection (1): localhost:5003
2024-06-02 20:50:53,202 - DEBUG - http://localhost:5003 "GET /get_today_weather/97478 HTTP/1.1" 200 762
2024-06-02 20:50:53,205 - DEBUG - Starting new HTTP connection (1): localhost:5003
2024-06-02 20:51:01,843 - DEBUG - http://localhost:5003 "GET /get_weekly_forecast/97478 HTTP/1.1" 200 9021
2024-06-02 20:51:01,863 - DEBUG - Starting new HTTP connection (1): localhost:5003
2024-06-02 20:51:08,100 - DEBUG - http://localhost:5003 "GET /get_weather_map/97478 HTTP/1.1" 200 195
2024-06-02 20:51:08,103 - DEBUG - Starting new HTTP connection (1): localhost:5003
2024-06-02 20:51:14,294 - DEBUG - http://localhost:5003 "GET /get_weather_map/97478 HTTP/1.1" 200 195
2024-06-02 20:51:58,778 - DEBUG - Starting new HTTP connection (1): localhost:5003
2024-06-02 20:52:07,408 - DEBUG - http://localhost:5003 "GET /get_today_weather/97478 HTTP/1.1" 200 762
2024-06-02 20:52:07,589 - DEBUG - Starting new HTTP connection (1): localhost:5003
2024-06-02 20:52:16,137 - DEBUG - http://localhost:5003 "GET /get_today_weather/97478 HTTP/1.1" 200 762
2024-06-02 20:52:23,762 - DEBUG - Starting new HTTP connection (1): localhost:5003
2024-06-02 20:52:32,321 - DEBUG - http://localhost:5003 "GET /get_weekly_forecast/97478 HTTP/1.1" 200 9021
2024-06-02 20:52:32,325 - DEBUG - Starting new HTTP connection (1): localhost:5003
2024-06-02 20:52:40,864 - DEBUG - http://localhost:5003 "GET /get_weekly_forecast/97478 HTTP/1.1" 200 9021
2024-06-02 20:52:40,880 - DEBUG - Starting new HTTP connection (1): localhost:5003
2024-06-02 20:52:49,355 - DEBUG - http://localhost:5003 "GET /get_weekly_forecast/97478 HTTP/1.1" 200 9021
2024-06-02 21:07:17,551 - DEBUG - Starting new HTTP connection (1): localhost:5003
2024-06-02 21:07:26,108 - DEBUG - http://localhost:5003 "GET /get_today_weather/97478 HTTP/1.1" 200 762
2024-06-02 21:07:48,246 - DEBUG - Starting new HTTP connection (1): localhost:5003
2024-06-02 21:07:56,769 - DEBUG - http://localhost:5003 "GET /get_today_weather/97478 HTTP/1.1" 200 762
2024-06-02 21:08:09,483 - DEBUG - Starting new HTTP connection (1): localhost:5003
2024-06-02 21:08:18,004 - DEBUG - http://localhost:5003 "GET /get_weekly_forecast/97478 HTTP/1.1" 200 9021
2024-06-02 21:08:25,522 - DEBUG - Starting new HTTP connection (1): localhost:5003
2024-06-02 21:08:34,113 - DEBUG - http://localhost:5003 "GET /get_today_weather/97478 HTTP/1.1" 200 762
2024-06-02 21:16:21,254 - DEBUG - Starting new HTTP connection (1): localhost:5003
2024-06-02 21:16:29,986 - DEBUG - http://localhost:5003 "GET /get_current_weather/97478 HTTP/1.1" 200 58
2024-06-02 21:16:29,988 - DEBUG - Starting new HTTP connection (1): localhost:5003
2024-06-02 21:16:38,545 - DEBUG - http://localhost:5003 "GET /get_today_weather/97478 HTTP/1.1" 200 762
2024-06-02 21:16:38,547 - DEBUG - Starting new HTTP connection (1): localhost:5003
2024-06-02 21:16:47,114 - DEBUG - http://localhost:5003 "GET /get_weekly_forecast/97478 HTTP/1.1" 200 9021
2024-06-02 21:16:47,116 - DEBUG - Starting new HTTP connection (1): localhost:5003
2024-06-02 21:16:53,282 - DEBUG - http://localhost:5003 "GET /get_weather_map/97478 HTTP/1.1" 200 195
2024-06-02 21:18:15,946 - DEBUG - Starting new HTTP connection (1): localhost:5003
2024-06-02 21:18:24,513 - DEBUG - http://localhost:5003 "GET /get_today_weather/97478 HTTP/1.1" 200 762
2024-06-02 21:18:46,829 - DEBUG - Starting new HTTP connection (1): localhost:5003
2024-06-02 21:18:55,383 - DEBUG - http://localhost:5003 "GET /get_weekly_forecast/97478 HTTP/1.1" 200 9021
2024-06-02 21:19:10,278 - DEBUG - Starting new HTTP connection (1): localhost:5003
2024-06-02 21:19:18,767 - DEBUG - http://localhost:5003 "GET /get_weekly_forecast/97478 HTTP/1.1" 200 9021
2024-06-02 21:20:02,271 - DEBUG - Starting new HTTP connection (1): localhost:5003
2024-06-02 21:20:08,611 - DEBUG - http://localhost:5003 "GET /get_weather_map/97478 HTTP/1.1" 200 195
2024-06-02 21:20:08,617 - DEBUG - Starting new HTTP connection (1): localhost:5003
2024-06-02 21:20:14,849 - DEBUG - http://localhost:5003 "GET /get_weather_map/97478 HTTP/1.1" 200 195
2024-06-02 21:20:39,394 - DEBUG - Starting new HTTP connection (1): localhost:5003
2024-06-02 21:20:45,653 - DEBUG - http://localhost:5003 "GET /get_weather_map/97478 HTTP/1.1" 200 195
2024-06-02 21:21:21,483 - DEBUG - Starting new HTTP connection (1): localhost:5003
2024-06-02 21:21:30,790 - DEBUG - http://localhost:5003 "GET /get_current_weather/97478 HTTP/1.1" 200 58
2024-06-02 21:21:30,792 - DEBUG - Starting new HTTP connection (1): localhost:5003
2024-06-02 21:21:39,590 - DEBUG - Starting new HTTP connection (1): localhost:5003
2024-06-02 21:21:39,672 - DEBUG - http://localhost:5003 "GET /get_today_weather/97478 HTTP/1.1" 200 762
2024-06-02 21:21:39,675 - DEBUG - Starting new HTTP connection (1): localhost:5003
2024-06-02 21:21:44,023 - DEBUG - http://localhost:5003 "GET /get_weather_alerts/97478 HTTP/1.1" 200 1552
2024-06-02 21:21:48,264 - DEBUG - http://localhost:5003 "GET /get_weekly_forecast/97478 HTTP/1.1" 200 9021
2024-06-02 21:21:48,266 - DEBUG - Starting new HTTP connection (1): localhost:5003
2024-06-02 21:21:54,437 - DEBUG - http://localhost:5003 "GET /get_weather_map/97478 HTTP/1.1" 200 195
2024-06-02 21:22:00,884 - DEBUG - Starting new HTTP connection (1): localhost:5003
2024-06-02 21:22:05,331 - DEBUG - http://localhost:5003 "GET /get_weather_alerts/97478 HTTP/1.1" 200 1552
2024-06-02 21:22:12,127 - DEBUG - Starting new HTTP connection (1): localhost:5003
2024-06-02 21:22:20,622 - DEBUG - http://localhost:5003 "GET /get_today_weather/97478 HTTP/1.1" 200 762
2024-06-02 21:22:31,332 - DEBUG - Starting new HTTP connection (1): localhost:5003
2024-06-02 21:22:39,905 - DEBUG - http://localhost:5003 "GET /get_weekly_forecast/97478 HTTP/1.1" 200 9021
2024-06-02 21:22:43,529 - DEBUG - Starting new HTTP connection (1): localhost:5003
2024-06-02 21:22:50,116 - DEBUG - http://localhost:5003 "GET /get_weather_map/97478 HTTP/1.1" 200 195
2024-06-02 21:23:10,691 - DEBUG - Starting new HTTP connection (1): localhost:5003
2024-06-02 21:23:19,245 - DEBUG - http://localhost:5003 "GET /get_weekly_forecast/97478 HTTP/1.1" 200 9021
2024-06-02 21:23:25,844 - DEBUG - Starting new HTTP connection (1): localhost:5003
2024-06-02 21:23:34,360 - DEBUG - http://localhost:5003 "GET /get_today_weather/97478 HTTP/1.1" 200 762
2024-06-02 21:24:20,398 - DEBUG - Starting new HTTP connection (1): localhost:5003
2024-06-02 21:24:28,941 - DEBUG - http://localhost:5003 "GET /get_today_weather/97478 HTTP/1.1" 200 762
2024-06-02 21:24:34,118 - DEBUG - Starting new HTTP connection (1): localhost:5003
2024-06-02 21:24:42,636 - DEBUG - http://localhost:5003 "GET /get_weekly_forecast/97478 HTTP/1.1" 200 9021
2024-06-02 21:24:57,015 - DEBUG - Starting new HTTP connection (1): localhost:5003
2024-06-02 21:25:01,333 - DEBUG - http://localhost:5003 "GET /get_weather_alerts/97478 HTTP/1.1" 200 1552
2024-06-02 21:25:40,831 - DEBUG - Starting new HTTP connection (1): localhost:5003
2024-06-02 21:25:45,294 - DEBUG - http://localhost:5003 "GET /get_weather_alerts/97478 HTTP/1.1" 200 1552
2024-06-02 21:26:46,398 - DEBUG - Starting new HTTP connection (1): localhost:5003
2024-06-02 21:26:54,955 - DEBUG - http://localhost:5003 "GET /get_today_weather/97478 HTTP/1.1" 200 762
2024-06-02 21:27:46,248 - DEBUG - Starting new HTTP connection (1): localhost:5003
2024-06-02 21:27:55,271 - DEBUG - http://localhost:5003 "GET /get_current_weather/97478 HTTP/1.1" 200 58
2024-06-02 21:27:55,273 - DEBUG - Starting new HTTP connection (1): localhost:5003
2024-06-02 21:28:04,025 - DEBUG - http://localhost:5003 "GET /get_today_weather/97478 HTTP/1.1" 200 762
2024-06-02 21:28:04,026 - DEBUG - Starting new HTTP connection (1): localhost:5003
2024-06-02 21:28:12,701 - DEBUG - http://localhost:5003 "GET /get_weekly_forecast/97478 HTTP/1.1" 200 9021
2024-06-02 21:28:12,704 - DEBUG - Starting new HTTP connection (1): localhost:5003
2024-06-02 21:28:18,912 - DEBUG - http://localhost:5003 "GET /get_weather_map/97478 HTTP/1.1" 200 195
2024-06-02 21:28:18,914 - DEBUG - Starting new HTTPS connection (1): openweathermap.org:443
2024-06-02 21:28:19,774 - DEBUG - https://openweathermap.org:443 "GET /weathermap?basemap=map&cities=true&layer=temperature&lat=44.04449796443341&lon=-122.94003653926616&zoom=10&appid=5551bd31cc4373c66959543972ff9c67 HTTP/1.1" 200 2956
2024-06-02 21:34:22,431 - DEBUG - Starting new HTTP connection (1): localhost:5003
2024-06-02 21:34:31,088 - DEBUG - http://localhost:5003 "GET /get_current_weather/97478 HTTP/1.1" 200 58
2024-06-02 21:34:31,091 - DEBUG - Starting new HTTP connection (1): localhost:5003
2024-06-02 21:34:39,604 - DEBUG - http://localhost:5003 "GET /get_today_weather/97478 HTTP/1.1" 200 762
2024-06-02 21:34:39,606 - DEBUG - Starting new HTTP connection (1): localhost:5003
2024-06-02 21:34:46,561 - DEBUG - Starting new HTTP connection (1): localhost:5003
2024-06-02 21:34:48,097 - DEBUG - http://localhost:5003 "GET /get_weekly_forecast/97478 HTTP/1.1" 200 9021
2024-06-02 21:34:48,099 - DEBUG - Starting new HTTP connection (1): localhost:5003
2024-06-02 21:34:50,958 - DEBUG - http://localhost:5003 "GET /get_weather_alerts/97478 HTTP/1.1" 200 1552
2024-06-02 21:34:54,281 - DEBUG - http://localhost:5003 "GET /get_weather_map/97478 HTTP/1.1" 200 195
2024-06-02 21:34:54,283 - DEBUG - Starting new HTTPS connection (1): openweathermap.org:443
2024-06-02 21:34:55,100 - DEBUG - https://openweathermap.org:443 "GET /weathermap?basemap=map&cities=true&layer=temperature&lat=44.04449796443341&lon=-122.94003653926616&zoom=10&appid=5551bd31cc4373c66959543972ff9c67 HTTP/1.1" 200 2956
2024-06-02 21:36:27,825 - DEBUG - Starting new HTTP connection (1): localhost:5003
2024-06-02 21:36:34,017 - DEBUG - http://localhost:5003 "GET /get_weather_map/97478 HTTP/1.1" 200 195
2024-06-02 21:36:34,019 - DEBUG - Starting new HTTPS connection (1): openweathermap.org:443
2024-06-02 21:36:34,856 - DEBUG - https://openweathermap.org:443 "GET /weathermap?basemap=map&cities=true&layer=temperature&lat=44.04449796443341&lon=-122.94003653926616&zoom=10&appid=5551bd31cc4373c66959543972ff9c67 HTTP/1.1" 200 2956
2024-06-02 21:36:45,070 - DEBUG - Starting new HTTP connection (1): localhost:5003
2024-06-02 21:36:53,596 - DEBUG - http://localhost:5003 "GET /get_weekly_forecast/97478 HTTP/1.1" 200 9021
2024-06-02 21:37:00,905 - DEBUG - Starting new HTTP connection (1): localhost:5003
2024-06-02 21:37:09,452 - DEBUG - http://localhost:5003 "GET /get_today_weather/97478 HTTP/1.1" 200 762
2024-06-02 21:55:27,027 - DEBUG - Starting new HTTP connection (1): localhost:5003
2024-06-02 21:55:35,810 - DEBUG - http://localhost:5003 "GET /get_today_weather/97478 HTTP/1.1" 200 60
2024-06-02 21:56:13,496 - DEBUG - Starting new HTTP connection (1): localhost:5003
2024-06-02 21:56:22,141 - DEBUG - http://localhost:5003 "GET /get_current_weather/97478 HTTP/1.1" 200 58
2024-06-02 21:56:22,144 - DEBUG - Starting new HTTP connection (1): localhost:5003
2024-06-02 21:56:27,530 - DEBUG - Starting new HTTP connection (1): localhost:5003
2024-06-02 21:56:30,991 - DEBUG - http://localhost:5003 "GET /get_today_weather/97478 HTTP/1.1" 200 762
2024-06-02 21:56:30,997 - DEBUG - Starting new HTTP connection (1): localhost:5003
2024-06-02 21:56:33,772 - DEBUG - http://localhost:5003 "GET /get_weather_map/97478 HTTP/1.1" 200 195
2024-06-02 21:56:33,774 - DEBUG - Starting new HTTPS connection (1): openweathermap.org:443
2024-06-02 21:56:34,561 - DEBUG - https://openweathermap.org:443 "GET /weathermap?basemap=map&cities=true&layer=temperature&lat=44.04449796443341&lon=-122.94003653926616&zoom=10&appid=5551bd31cc4373c66959543972ff9c67 HTTP/1.1" 200 2956
2024-06-02 21:56:39,543 - DEBUG - http://localhost:5003 "GET /get_weekly_forecast/97478 HTTP/1.1" 200 9021
2024-06-02 21:56:39,545 - DEBUG - Starting new HTTP connection (1): localhost:5003
2024-06-02 21:56:45,738 - DEBUG - http://localhost:5003 "GET /get_weather_map/97478 HTTP/1.1" 200 195
2024-06-02 21:56:45,741 - DEBUG - Starting new HTTPS connection (1): openweathermap.org:443
2024-06-02 21:56:46,519 - DEBUG - https://openweathermap.org:443 "GET /weathermap?basemap=map&cities=true&layer=temperature&lat=44.04449796443341&lon=-122.94003653926616&zoom=10&appid=5551bd31cc4373c66959543972ff9c67 HTTP/1.1" 200 2956
2024-06-02 21:56:58,491 - DEBUG - Starting new HTTP connection (1): localhost:5003
2024-06-02 21:57:07,097 - DEBUG - http://localhost:5003 "GET /get_today_weather/97478 HTTP/1.1" 200 762
2024-06-02 22:04:18,060 - DEBUG - Starting new HTTP connection (1): localhost:5003
2024-06-02 22:04:26,806 - DEBUG - http://localhost:5003 "GET /get_current_weather/97478 HTTP/1.1" 200 58
2024-06-02 22:04:26,810 - DEBUG - Starting new HTTP connection (1): localhost:5003
2024-06-02 22:04:35,378 - DEBUG - http://localhost:5003 "GET /get_today_weather/97478 HTTP/1.1" 200 762
2024-06-02 22:04:35,380 - DEBUG - Starting new HTTP connection (1): localhost:5003
2024-06-02 22:04:43,931 - DEBUG - http://localhost:5003 "GET /get_weekly_forecast/97478 HTTP/1.1" 200 9021
2024-06-02 22:04:43,934 - DEBUG - Starting new HTTP connection (1): localhost:5003
2024-06-02 22:04:50,149 - DEBUG - http://localhost:5003 "GET /get_weather_map/97478 HTTP/1.1" 200 195
2024-06-02 22:04:50,151 - DEBUG - Starting new HTTPS connection (1): openweathermap.org:443
2024-06-02 22:04:50,945 - DEBUG - https://openweathermap.org:443 "GET /weathermap?basemap=map&cities=true&layer=temperature&lat=44.04449796443341&lon=-122.94003653926616&zoom=10&appid=5551bd31cc4373c66959543972ff9c67 HTTP/1.1" 200 2956
2024-06-02 22:04:57,828 - DEBUG - Starting new HTTP connection (1): localhost:5003
2024-06-02 22:05:06,553 - DEBUG - http://localhost:5003 "GET /get_today_weather/99567 HTTP/1.1" 500 265
2024-06-02 22:05:39,600 - DEBUG - Starting new HTTP connection (1): localhost:5003
2024-06-02 22:05:48,118 - DEBUG - http://localhost:5003 "GET /get_today_weather/97478 HTTP/1.1" 200 762
2024-06-02 22:06:09,287 - DEBUG - Starting new HTTP connection (1): localhost:5003
2024-06-02 22:06:18,413 - DEBUG - http://localhost:5003 "GET /get_today_weather/97479 HTTP/1.1" 200 789
2024-06-02 22:06:34,823 - DEBUG - Starting new HTTP connection (1): localhost:5003
2024-06-02 22:06:43,493 - DEBUG - http://localhost:5003 "GET /get_today_weather/97479 HTTP/1.1" 200 789
2024-06-02 22:06:49,614 - DEBUG - Starting new HTTP connection (1): localhost:5003
2024-06-02 22:06:58,225 - DEBUG - http://localhost:5003 "GET /get_today_weather/97479 HTTP/1.1" 200 789
2024-06-02 22:07:00,215 - DEBUG - Starting new HTTP connection (1): localhost:5003
2024-06-02 22:07:06,465 - DEBUG - http://localhost:5003 "GET /get_weather_map/97479 HTTP/1.1" 200 195
2024-06-02 22:07:06,467 - DEBUG - Starting new HTTPS connection (1): openweathermap.org:443
2024-06-02 22:07:07,301 - DEBUG - https://openweathermap.org:443 "GET /weathermap?basemap=map&cities=true&layer=temperature&lat=43.387640899137935&lon=-123.3395528025862&zoom=10&appid=5551bd31cc4373c66959543972ff9c67 HTTP/1.1" 200 2956
2024-06-02 22:07:07,328 - DEBUG - Starting new HTTP connection (1): localhost:5003
2024-06-02 22:07:13,579 - DEBUG - http://localhost:5003 "GET /get_weather_map/97479 HTTP/1.1" 200 195
2024-06-02 22:07:13,582 - DEBUG - Starting new HTTPS connection (1): openweathermap.org:443
2024-06-02 22:07:14,421 - DEBUG - https://openweathermap.org:443 "GET /weathermap?basemap=map&cities=true&layer=temperature&lat=43.387640899137935&lon=-123.3395528025862&zoom=10&appid=5551bd31cc4373c66959543972ff9c67 HTTP/1.1" 200 2956
2024-06-02 22:07:14,424 - DEBUG - Starting new HTTP connection (1): localhost:5003
2024-06-02 22:07:20,627 - DEBUG - http://localhost:5003 "GET /get_weather_map/97479 HTTP/1.1" 200 195
2024-06-02 22:07:20,629 - DEBUG - Starting new HTTPS connection (1): openweathermap.org:443
2024-06-02 22:07:21,431 - DEBUG - https://openweathermap.org:443 "GET /weathermap?basemap=map&cities=true&layer=temperature&lat=43.387640899137935&lon=-123.3395528025862&zoom=10&appid=5551bd31cc4373c66959543972ff9c67 HTTP/1.1" 200 2956
2024-06-02 22:07:21,434 - DEBUG - Starting new HTTP connection (1): localhost:5003
2024-06-02 22:07:27,669 - DEBUG - http://localhost:5003 "GET /get_weather_map/97479 HTTP/1.1" 200 195
2024-06-02 22:07:27,672 - DEBUG - Starting new HTTPS connection (1): openweathermap.org:443
2024-06-02 22:07:28,543 - DEBUG - https://openweathermap.org:443 "GET /weathermap?basemap=map&cities=true&layer=temperature&lat=43.387640899137935&lon=-123.3395528025862&zoom=10&appid=5551bd31cc4373c66959543972ff9c67 HTTP/1.1" 200 2956
2024-06-02 22:07:28,547 - DEBUG - Starting new HTTP connection (1): localhost:5003
2024-06-02 22:11:38,093 - DEBUG - Starting new HTTP connection (1): localhost:5003
2024-06-02 22:11:46,842 - DEBUG - http://localhost:5003 "GET /get_current_weather/97478 HTTP/1.1" 200 58
2024-06-02 22:11:46,844 - DEBUG - Starting new HTTP connection (1): localhost:5003
2024-06-02 22:11:55,352 - DEBUG - http://localhost:5003 "GET /get_today_weather/97478 HTTP/1.1" 200 762
2024-06-02 22:11:55,355 - DEBUG - Starting new HTTP connection (1): localhost:5003
2024-06-02 22:11:55,903 - DEBUG - Starting new HTTP connection (1): localhost:5003
2024-06-02 22:12:03,947 - DEBUG - http://localhost:5003 "GET /get_weekly_forecast/97478 HTTP/1.1" 200 9021
2024-06-02 22:12:03,949 - DEBUG - Starting new HTTP connection (1): localhost:5003
2024-06-02 22:12:05,267 - DEBUG - http://localhost:5003 "GET /get_current_weather/97465 HTTP/1.1" 200 60
2024-06-02 22:12:05,270 - DEBUG - Starting new HTTP connection (1): localhost:5003
2024-06-02 22:12:10,169 - DEBUG - http://localhost:5003 "GET /get_weather_map/97478 HTTP/1.1" 200 195
2024-06-02 22:12:10,171 - DEBUG - Starting new HTTPS connection (1): openweathermap.org:443
2024-06-02 22:12:11,022 - DEBUG - https://openweathermap.org:443 "GET /weathermap?basemap=map&cities=true&layer=temperature&lat=44.04449796443341&lon=-122.94003653926616&zoom=10&appid=5551bd31cc4373c66959543972ff9c67 HTTP/1.1" 200 2956
2024-06-02 22:12:14,061 - DEBUG - http://localhost:5003 "GET /get_today_weather/97465 HTTP/1.1" 200 773
2024-06-02 22:12:14,063 - DEBUG - Starting new HTTP connection (1): localhost:5003
2024-06-02 22:12:16,963 - DEBUG - Starting new HTTP connection (1): localhost:5003
2024-06-02 22:12:22,623 - DEBUG - http://localhost:5003 "GET /get_weekly_forecast/97465 HTTP/1.1" 200 8774
2024-06-02 22:12:22,625 - DEBUG - Starting new HTTP connection (1): localhost:5003
2024-06-02 22:12:25,548 - DEBUG - http://localhost:5003 "GET /get_today_weather/97465 HTTP/1.1" 200 773
2024-06-02 22:12:28,833 - DEBUG - http://localhost:5003 "GET /get_weather_map/97465 HTTP/1.1" 200 188
2024-06-02 22:12:28,837 - DEBUG - Starting new HTTPS connection (1): openweathermap.org:443
2024-06-02 22:12:29,697 - DEBUG - https://openweathermap.org:443 "GET /weathermap?basemap=map&cities=true&layer=temperature&lat=42.7473023&lon=-124.50055467333334&zoom=10&appid=5551bd31cc4373c66959543972ff9c67 HTTP/1.1" 200 2956
2024-06-02 22:13:02,963 - DEBUG - Starting new HTTP connection (1): localhost:5003
2024-06-02 22:13:07,249 - DEBUG - http://localhost:5003 "GET /get_weather_alerts/97465 HTTP/1.1" 200 1552
2024-06-02 22:13:14,489 - DEBUG - Starting new HTTP connection (1): localhost:5003
2024-06-02 22:13:20,700 - DEBUG - http://localhost:5003 "GET /get_weather_map/97465 HTTP/1.1" 200 188
2024-06-02 22:13:20,703 - DEBUG - Starting new HTTPS connection (1): openweathermap.org:443
2024-06-02 22:13:21,686 - DEBUG - https://openweathermap.org:443 "GET /weathermap?basemap=map&cities=true&layer=temperature&lat=42.7473023&lon=-124.50055467333334&zoom=10&appid=5551bd31cc4373c66959543972ff9c67 HTTP/1.1" 200 2956
2024-06-02 22:17:18,308 - DEBUG - Starting new HTTP connection (1): localhost:5003
2024-06-02 22:17:27,076 - DEBUG - http://localhost:5003 "GET /get_current_weather/97478 HTTP/1.1" 200 58
2024-06-02 22:17:27,079 - DEBUG - Starting new HTTP connection (1): localhost:5003
2024-06-02 22:17:29,798 - DEBUG - Starting new HTTP connection (1): localhost:5003
2024-06-02 22:17:35,639 - DEBUG - http://localhost:5003 "GET /get_today_weather/97478 HTTP/1.1" 200 762
2024-06-02 22:17:35,642 - DEBUG - Starting new HTTP connection (1): localhost:5003
2024-06-02 22:17:35,965 - DEBUG - http://localhost:5003 "GET /get_weather_map/97478 HTTP/1.1" 200 195
2024-06-02 22:17:35,967 - DEBUG - Starting new HTTPS connection (1): openweathermap.org:443
2024-06-02 22:17:36,741 - DEBUG - https://openweathermap.org:443 "GET /weathermap?basemap=map&cities=true&layer=temperature&lat=44.04449796443341&lon=-122.94003653926616&zoom=10&appid=5551bd31cc4373c66959543972ff9c67 HTTP/1.1" 200 2956
2024-06-02 22:17:44,157 - DEBUG - http://localhost:5003 "GET /get_weekly_forecast/97478 HTTP/1.1" 200 9021
2024-06-02 22:17:44,159 - DEBUG - Starting new HTTP connection (1): localhost:5003
2024-06-02 22:17:50,369 - DEBUG - http://localhost:5003 "GET /get_weather_map/97478 HTTP/1.1" 200 195
2024-06-02 22:17:50,372 - DEBUG - Starting new HTTPS connection (1): openweathermap.org:443
2024-06-02 22:17:51,150 - DEBUG - https://openweathermap.org:443 "GET /weathermap?basemap=map&cities=true&layer=temperature&lat=44.04449796443341&lon=-122.94003653926616&zoom=10&appid=5551bd31cc4373c66959543972ff9c67 HTTP/1.1" 200 2956
2024-06-02 22:21:48,947 - DEBUG - Starting new HTTP connection (1): localhost:5003
2024-06-02 22:21:57,526 - DEBUG - http://localhost:5003 "GET /get_current_weather/97478 HTTP/1.1" 200 58
2024-06-02 22:21:57,529 - DEBUG - Starting new HTTP connection (1): localhost:5003
2024-06-02 22:22:00,096 - DEBUG - Starting new HTTP connection (1): localhost:5003
2024-06-02 22:22:06,073 - DEBUG - http://localhost:5003 "GET /get_today_weather/97478 HTTP/1.1" 200 762
2024-06-02 22:22:06,076 - DEBUG - Starting new HTTP connection (1): localhost:5003
2024-06-02 22:22:06,332 - DEBUG - http://localhost:5003 "GET /get_weather_map/97478 HTTP/1.1" 200 195
2024-06-02 22:22:06,333 - DEBUG - Starting new HTTPS connection (1): openweathermap.org:443
2024-06-02 22:22:07,132 - DEBUG - https://openweathermap.org:443 "GET /weathermap?basemap=map&cities=true&layer=temperature&lat=44.04449796443341&lon=-122.94003653926616&zoom=10&appid=5551bd31cc4373c66959543972ff9c67 HTTP/1.1" 200 2956
2024-06-02 22:22:10,158 - DEBUG - Starting new HTTP connection (1): localhost:5003
2024-06-02 22:22:14,612 - DEBUG - http://localhost:5003 "GET /get_weekly_forecast/97478 HTTP/1.1" 200 9021
2024-06-02 22:22:14,614 - DEBUG - Starting new HTTP connection (1): localhost:5003
2024-06-02 22:22:16,395 - DEBUG - http://localhost:5003 "GET /get_weather_map/97478 HTTP/1.1" 200 195
2024-06-02 22:22:16,397 - DEBUG - Starting new HTTPS connection (1): openweathermap.org:443
2024-06-02 22:22:17,410 - DEBUG - https://openweathermap.org:443 "GET /weathermap?basemap=map&cities=true&layer=temperature&lat=44.04449796443341&lon=-122.94003653926616&zoom=10&appid=5551bd31cc4373c66959543972ff9c67 HTTP/1.1" 200 2956
2024-06-02 22:22:20,856 - DEBUG - http://localhost:5003 "GET /get_weather_map/97478 HTTP/1.1" 200 195
2024-06-02 22:22:20,859 - DEBUG - Starting new HTTPS connection (1): openweathermap.org:443
2024-06-02 22:22:21,724 - DEBUG - https://openweathermap.org:443 "GET /weathermap?basemap=map&cities=true&layer=temperature&lat=44.04449796443341&lon=-122.94003653926616&zoom=10&appid=5551bd31cc4373c66959543972ff9c67 HTTP/1.1" 200 2956
2024-06-02 22:24:24,255 - DEBUG - Starting new HTTP connection (1): localhost:5003
2024-06-02 22:24:32,888 - DEBUG - http://localhost:5003 "GET /get_current_weather/97478 HTTP/1.1" 200 58
2024-06-02 22:24:32,892 - DEBUG - Starting new HTTP connection (1): localhost:5003
2024-06-02 22:24:41,530 - DEBUG - http://localhost:5003 "GET /get_today_weather/97478 HTTP/1.1" 200 762
2024-06-02 22:24:41,532 - DEBUG - Starting new HTTP connection (1): localhost:5003
2024-06-02 22:24:50,093 - DEBUG - http://localhost:5003 "GET /get_weekly_forecast/97478 HTTP/1.1" 200 9021
2024-06-02 22:24:50,096 - DEBUG - Starting new HTTP connection (1): localhost:5003
2024-06-02 22:24:56,952 - DEBUG - Starting new HTTP connection (1): localhost:5003
2024-06-02 22:25:05,451 - DEBUG - http://localhost:5003 "GET /get_current_weather/97478 HTTP/1.1" 200 58
2024-06-02 22:25:05,453 - DEBUG - Starting new HTTP connection (1): localhost:5003
2024-06-02 22:25:07,499 - DEBUG - Starting new HTTP connection (1): localhost:5003
2024-06-02 22:25:14,038 - DEBUG - http://localhost:5003 "GET /get_today_weather/97478 HTTP/1.1" 200 762
2024-06-02 22:25:14,041 - DEBUG - Starting new HTTP connection (1): localhost:5003
2024-06-02 22:25:14,184 - DEBUG - http://localhost:5003 "GET /get_weather_map/97478 HTTP/1.1" 200 195
2024-06-02 22:25:14,187 - DEBUG - Starting new HTTPS connection (1): openweathermap.org:443
2024-06-02 22:25:15,047 - DEBUG - https://openweathermap.org:443 "GET /weathermap?basemap=map&cities=true&layer=temperature&lat=44.04449796443341&lon=-122.94003653926616&zoom=10&appid=5551bd31cc4373c66959543972ff9c67 HTTP/1.1" 200 2956
2024-06-02 22:25:22,682 - DEBUG - http://localhost:5003 "GET /get_weekly_forecast/97478 HTTP/1.1" 200 9021
2024-06-02 22:25:22,685 - DEBUG - Starting new HTTP connection (1): localhost:5003
2024-06-02 22:25:29,001 - DEBUG - http://localhost:5003 "GET /get_weather_map/97478 HTTP/1.1" 200 195
2024-06-02 22:25:29,002 - DEBUG - Starting new HTTPS connection (1): openweathermap.org:443
2024-06-02 22:25:29,845 - DEBUG - https://openweathermap.org:443 "GET /weathermap?basemap=map&cities=true&layer=temperature&lat=44.04449796443341&lon=-122.94003653926616&zoom=10&appid=5551bd31cc4373c66959543972ff9c67 HTTP/1.1" 200 2956
2024-06-02 22:28:51,760 - DEBUG - Starting new HTTP connection (1): localhost:5003
2024-06-02 22:29:00,435 - DEBUG - http://localhost:5003 "GET /get_current_weather/97478 HTTP/1.1" 200 58
2024-06-02 22:29:00,438 - DEBUG - Starting new HTTP connection (1): localhost:5003
2024-06-02 22:29:02,473 - DEBUG - Starting new HTTP connection (1): localhost:5003
2024-06-02 22:29:08,679 - DEBUG - http://localhost:5003 "GET /get_weather_map/97478 HTTP/1.1" 200 195
2024-06-02 22:29:09,457 - DEBUG - http://localhost:5003 "GET /get_today_weather/97478 HTTP/1.1" 200 762
2024-06-02 22:29:09,460 - DEBUG - Starting new HTTP connection (1): localhost:5003
2024-06-02 22:29:17,969 - DEBUG - http://localhost:5003 "GET /get_weekly_forecast/97478 HTTP/1.1" 200 9021
2024-06-02 22:29:17,971 - DEBUG - Starting new HTTP connection (1): localhost:5003
2024-06-02 22:29:24,143 - DEBUG - http://localhost:5003 "GET /get_weather_map/97478 HTTP/1.1" 200 195
2024-06-02 22:30:55,281 - DEBUG - Starting new HTTP connection (1): localhost:5003
2024-06-02 22:31:03,912 - DEBUG - http://localhost:5003 "GET /get_current_weather/97478 HTTP/1.1" 200 58
2024-06-02 22:31:03,914 - DEBUG - Starting new HTTP connection (1): localhost:5003
2024-06-02 22:31:05,617 - DEBUG - Starting new HTTP connection (1): localhost:5003
2024-06-02 22:31:11,831 - DEBUG - http://localhost:5003 "GET /get_weather_map/97478 HTTP/1.1" 200 195
2024-06-02 22:31:12,644 - DEBUG - http://localhost:5003 "GET /get_today_weather/97478 HTTP/1.1" 200 762
2024-06-02 22:31:12,646 - DEBUG - Starting new HTTP connection (1): localhost:5003
2024-06-02 22:31:19,017 - DEBUG - Starting new HTTP connection (1): localhost:5003
2024-06-02 22:31:21,194 - DEBUG - http://localhost:5003 "GET /get_weekly_forecast/97478 HTTP/1.1" 200 9021
2024-06-02 22:31:21,196 - DEBUG - Starting new HTTP connection (1): localhost:5003
2024-06-02 22:31:25,214 - DEBUG - http://localhost:5003 "GET /get_weather_map/97478 HTTP/1.1" 200 195
2024-06-02 22:31:27,406 - DEBUG - http://localhost:5003 "GET /get_weather_map/97478 HTTP/1.1" 200 195
2024-06-02 22:36:13,420 - DEBUG - Starting new HTTP connection (1): localhost:5003
2024-06-02 22:36:22,151 - DEBUG - http://localhost:5003 "GET /get_current_weather/97478 HTTP/1.1" 200 58
2024-06-02 22:36:22,153 - DEBUG - Starting new HTTP connection (1): localhost:5003
2024-06-02 22:36:24,031 - DEBUG - Starting new HTTP connection (1): localhost:5003
2024-06-02 22:36:30,679 - DEBUG - http://localhost:5003 "GET /get_today_weather/97478 HTTP/1.1" 200 762
2024-06-02 22:36:30,681 - DEBUG - Starting new HTTP connection (1): localhost:5003
2024-06-02 22:36:32,539 - DEBUG - http://localhost:5003 "GET /get_today_weather/97478 HTTP/1.1" 200 762
2024-06-02 22:36:38,345 - DEBUG - Starting new HTTP connection (1): localhost:5003
2024-06-02 22:36:39,223 - DEBUG - http://localhost:5003 "GET /get_weekly_forecast/97478 HTTP/1.1" 200 9021
2024-06-02 22:36:39,225 - DEBUG - Starting new HTTP connection (1): localhost:5003
2024-06-02 22:36:45,775 - DEBUG - http://localhost:5003 "GET /get_weather_map/97478 HTTP/1.1" 200 195
2024-06-02 22:37:01,085 - DEBUG - Starting new HTTP connection (1): localhost:5003
2024-06-02 22:37:10,589 - DEBUG - http://localhost:5003 "GET /get_current_weather/97478 HTTP/1.1" 200 58
2024-06-02 22:37:10,591 - DEBUG - Starting new HTTP connection (1): localhost:5003
2024-06-02 22:37:12,191 - DEBUG - Starting new HTTP connection (1): localhost:5003
2024-06-02 22:37:19,137 - DEBUG - http://localhost:5003 "GET /get_today_weather/97478 HTTP/1.1" 200 762
2024-06-02 22:37:19,140 - DEBUG - Starting new HTTP connection (1): localhost:5003
2024-06-02 22:37:20,735 - DEBUG - http://localhost:5003 "GET /get_weekly_forecast/97478 HTTP/1.1" 200 9021
2024-06-02 22:37:24,360 - DEBUG - Starting new HTTP connection (1): localhost:5003
2024-06-02 22:37:27,701 - DEBUG - http://localhost:5003 "GET /get_weekly_forecast/97478 HTTP/1.1" 200 9021
2024-06-02 22:37:27,703 - DEBUG - Starting new HTTP connection (1): localhost:5003
2024-06-02 22:37:31,487 - DEBUG - http://localhost:5003 "GET /get_weather_map/97478 HTTP/1.1" 200 195
2024-06-02 22:37:33,962 - DEBUG - http://localhost:5003 "GET /get_weather_map/97478 HTTP/1.1" 200 195
2024-06-02 22:41:55,575 - DEBUG - Starting new HTTP connection (1): localhost:5003
2024-06-02 22:42:04,248 - DEBUG - http://localhost:5003 "GET /get_current_weather/97478 HTTP/1.1" 200 58
2024-06-02 22:42:04,251 - DEBUG - Starting new HTTP connection (1): localhost:5003
2024-06-02 22:42:06,436 - DEBUG - Starting new HTTP connection (1): localhost:5003
2024-06-02 22:42:12,732 - DEBUG - http://localhost:5003 "GET /get_today_weather/97478 HTTP/1.1" 200 762
2024-06-02 22:42:12,734 - DEBUG - Starting new HTTP connection (1): localhost:5003
2024-06-02 22:42:12,932 - DEBUG - http://localhost:5003 "GET /get_weather_map/97478 HTTP/1.1" 200 195
2024-06-02 22:42:21,285 - DEBUG - http://localhost:5003 "GET /get_weekly_forecast/97478 HTTP/1.1" 200 9021
2024-06-02 22:42:21,286 - DEBUG - Starting new HTTP connection (1): localhost:5003
2024-06-02 22:42:27,518 - DEBUG - http://localhost:5003 "GET /get_weather_map/97478 HTTP/1.1" 200 195
2024-06-02 22:46:20,254 - DEBUG - Starting new HTTP connection (1): localhost:5003
2024-06-02 22:46:28,818 - DEBUG - http://localhost:5003 "GET /get_current_weather/97478 HTTP/1.1" 200 58
2024-06-02 22:46:28,820 - DEBUG - Starting new HTTP connection (1): localhost:5003
2024-06-02 22:46:33,720 - DEBUG - Starting new HTTP connection (1): localhost:5003
2024-06-02 22:46:37,337 - DEBUG - http://localhost:5003 "GET /get_today_weather/97478 HTTP/1.1" 200 762
2024-06-02 22:46:37,339 - DEBUG - Starting new HTTP connection (1): localhost:5003
2024-06-02 22:46:42,204 - DEBUG - http://localhost:5003 "GET /get_weekly_forecast/97478 HTTP/1.1" 200 9021
2024-06-02 22:46:45,892 - DEBUG - http://localhost:5003 "GET /get_weekly_forecast/97478 HTTP/1.1" 200 9021
2024-06-02 22:46:45,894 - DEBUG - Starting new HTTP connection (1): localhost:5003
2024-06-02 22:46:52,118 - DEBUG - http://localhost:5003 "GET /get_weather_map/97478 HTTP/1.1" 200 195
2024-06-02 22:47:11,316 - DEBUG - Starting new HTTP connection (1): localhost:5003
2024-06-02 22:47:15,096 - DEBUG - Starting new HTTP connection (1): localhost:5003
2024-06-02 22:47:20,114 - DEBUG - http://localhost:5003 "GET /get_current_weather/97478 HTTP/1.1" 200 58
2024-06-02 22:47:20,116 - DEBUG - Starting new HTTP connection (1): localhost:5003
2024-06-02 22:47:23,633 - DEBUG - http://localhost:5003 "GET /get_weekly_forecast/97478 HTTP/1.1" 200 9021
2024-06-02 22:47:28,749 - DEBUG - http://localhost:5003 "GET /get_today_weather/97478 HTTP/1.1" 200 762
2024-06-02 22:47:28,751 - DEBUG - Starting new HTTP connection (1): localhost:5003
2024-06-02 22:47:37,364 - DEBUG - http://localhost:5003 "GET /get_weekly_forecast/97478 HTTP/1.1" 200 9021
2024-06-02 22:47:37,366 - DEBUG - Starting new HTTP connection (1): localhost:5003
2024-06-02 22:47:43,566 - DEBUG - http://localhost:5003 "GET /get_weather_map/97478 HTTP/1.1" 200 195
2024-06-02 23:00:17,273 - DEBUG - Starting new HTTP connection (1): localhost:5003
2024-06-02 23:00:25,994 - DEBUG - http://localhost:5003 "GET /get_current_weather/97478 HTTP/1.1" 200 58
2024-06-02 23:00:25,997 - DEBUG - Starting new HTTP connection (1): localhost:5003
2024-06-02 23:00:34,970 - DEBUG - Starting new HTTP connection (1): localhost:5003
2024-06-02 23:00:35,003 - DEBUG - http://localhost:5003 "GET /get_today_weather/97478 HTTP/1.1" 200 777
2024-06-02 23:00:35,006 - DEBUG - Starting new HTTP connection (1): localhost:5003
2024-06-02 23:00:43,502 - DEBUG - http://localhost:5003 "GET /get_weekly_forecast/97478 HTTP/1.1" 200 9036
2024-06-02 23:00:43,960 - DEBUG - http://localhost:5003 "GET /get_weekly_forecast/97478 HTTP/1.1" 200 9036
2024-06-02 23:08:44,737 - DEBUG - Starting new HTTP connection (1): localhost:5003
2024-06-02 23:08:53,456 - DEBUG - http://localhost:5003 "GET /get_current_weather/97478 HTTP/1.1" 200 58
2024-06-02 23:08:53,459 - DEBUG - Starting new HTTP connection (1): localhost:5003
2024-06-02 23:08:58,080 - DEBUG - Starting new HTTP connection (1): localhost:5003
2024-06-02 23:09:02,010 - DEBUG - http://localhost:5003 "GET /get_today_weather/97478 HTTP/1.1" 200 777
2024-06-02 23:09:02,014 - DEBUG - Starting new HTTP connection (1): localhost:5003
2024-06-02 23:09:06,616 - DEBUG - http://localhost:5003 "GET /get_today_weather/97478 HTTP/1.1" 200 777
2024-06-02 23:09:11,520 - DEBUG - http://localhost:5003 "GET /get_weekly_forecast/97478 HTTP/1.1" 200 9036
2024-06-02 23:09:49,113 - DEBUG - Starting new HTTP connection (1): localhost:5003
2024-06-02 23:09:57,717 - DEBUG - http://localhost:5003 "GET /get_current_weather/97478 HTTP/1.1" 200 58
2024-06-02 23:09:57,719 - DEBUG - Starting new HTTP connection (1): localhost:5003
2024-06-02 23:10:06,297 - DEBUG - http://localhost:5003 "GET /get_today_weather/97478 HTTP/1.1" 200 777
2024-06-02 23:10:06,299 - DEBUG - Starting new HTTP connection (1): localhost:5003
2024-06-02 23:10:14,894 - DEBUG - http://localhost:5003 "GET /get_weekly_forecast/97478 HTTP/1.1" 200 9036
2024-06-02 23:10:22,102 - DEBUG - Starting new HTTP connection (1): localhost:5003
2024-06-02 23:10:30,671 - DEBUG - http://localhost:5003 "GET /get_weekly_forecast/97478 HTTP/1.1" 200 9036
2024-06-02 23:16:03,293 - DEBUG - Starting new HTTP connection (1): localhost:5003
2024-06-02 23:16:12,187 - DEBUG - http://localhost:5003 "GET /get_today_weather/97478 HTTP/1.1" 200 777
2024-06-02 23:16:15,706 - DEBUG - Starting new HTTP connection (1): localhost:5003
2024-06-02 23:16:24,297 - DEBUG - http://localhost:5003 "GET /get_weekly_forecast/97478 HTTP/1.1" 200 9036
2024-06-02 23:16:40,565 - DEBUG - Starting new HTTP connection (1): localhost:5003
2024-06-02 23:16:49,090 - DEBUG - http://localhost:5003 "GET /get_weekly_forecast/97478 HTTP/1.1" 200 9036
2024-06-02 23:16:55,155 - DEBUG - Starting new HTTP connection (1): localhost:5003
2024-06-02 23:16:59,589 - DEBUG - http://localhost:5003 "GET /get_weather_alerts/97478 HTTP/1.1" 200 1552
